Arguments: 
  /Users/wangwcq/.nvm/versions/node/v12.9.1/bin/node /usr/local/Cellar/yarn/1.19.1/libexec/bin/yarn.js init

PATH: 
  /Users/wangwcq/.nvm/versions/node/v12.9.1/bin:/Library/Frameworks/Python.framework/Versions/3.6/bin:/usr/local/bin:/usr/bin:/bin:/usr/sbin:/sbin:/Library/Frameworks/Python.framework/Versions/3.6/lib/python3.6/site-packages:/Applications/Wireshark.app/Contents/MacOS:/Applications/VMware Fusion.app/Contents/Public:/usr/local/aria2/bin:/Users/wangwcq/Library/Android/sdk/tools:/Users/wangwcq/Library/Android/sdk/platform-tools:/Users/wangwcq/flutter/flutter/bin:/Applications/nwjs.app/Contents/MacOS

Yarn version: 
  1.19.1

Node version: 
  12.9.1

Platform: 
  darwin x64

Trace: 
  Error: canceled
      at Interface.<anonymous> (/usr/local/Cellar/yarn/1.19.1/libexec/lib/cli.js:136824:13)
      at Interface.emit (events.js:209:13)
      at Interface._ttyWrite (readline.js:887:16)
      at ReadStream.onkeypress (readline.js:191:10)
      at ReadStream.emit (events.js:209:13)
      at emitKeys (internal/readline/utils.js:414:14)
      at emitKeys.next (<anonymous>)
      at ReadStream.onData (readline.js:1153:36)
      at ReadStream.emit (events.js:209:13)
      at addChunk (_stream_readable.js:305:12)

npm manifest: 
  No manifest

yarn manifest: 
  No manifest

Lockfile: 
  No lockfile
